c:\users\v-fxie\dropbox\code\leetcode\leetcode\debug\leetcode.pch
c:\users\v-fxie\dropbox\code\leetcode\leetcode\debug\vc120.pdb
c:\users\v-fxie\dropbox\code\leetcode\leetcode\debug\vc120.idb
c:\users\v-fxie\dropbox\code\leetcode\leetcode\debug\stdafx.obj
c:\users\v-fxie\dropbox\code\leetcode\leetcode\debug\120_triangle.obj
c:\users\v-fxie\dropbox\code\leetcode\leetcode\debug\leetcode.obj
c:\users\v-fxie\dropbox\code\leetcode\leetcode\debug\104_maximum_depth_of binary_tree.obj
c:\users\v-fxie\dropbox\code\leetcode\leetcode\debug\122_best_time _to_buy_and_sell_stock.obj
c:\users\v-fxie\dropbox\code\leetcode\leetcode\debug\136_single_number.obj
c:\users\v-fxie\dropbox\code\leetcode\leetcode\debug\189_rotate_array.obj
c:\users\v-fxie\dropbox\code\leetcode\leetcode\debug\198_house_robber.obj
c:\users\v-fxie\dropbox\code\leetcode\leetcode\debug\1_two_sum.obj
c:\users\v-fxie\dropbox\code\leetcode\leetcode\debug\217_contains_duplicate.obj
c:\users\v-fxie\dropbox\code\leetcode\leetcode\debug\219_contains_duplicate_ii.obj
c:\users\v-fxie\dropbox\code\leetcode\leetcode\debug\300_longest_increasing_subsequence.obj
c:\users\v-fxie\dropbox\code\leetcode\leetcode\debug\303_range_sum_query.obj
c:\users\v-fxie\dropbox\code\leetcode\leetcode\debug\344_reverse_string.obj
c:\users\v-fxie\dropbox\code\leetcode\leetcode\debug\345_reverse_vowels_of_a_string.obj
c:\users\v-fxie\dropbox\code\leetcode\leetcode\debug\349_intersection_of_two_arrays.obj
c:\users\v-fxie\dropbox\code\leetcode\leetcode\debug\383_ransom_note.obj
c:\users\v-fxie\dropbox\code\leetcode\leetcode\debug\64_minimum_path_sum.obj
c:\users\v-fxie\dropbox\code\leetcode\leetcode\debug\66_plus_one.obj
c:\users\v-fxie\dropbox\code\leetcode\leetcode\debug\67_add_binary.obj
c:\users\v-fxie\dropbox\code\leetcode\leetcode\debug\70_climbing_stairs.obj
c:\users\v-fxie\dropbox\code\leetcode\leetcode\debug\88_merge_sorted_array.obj
c:\users\v-fxie\dropbox\code\leetcode\debug\leetcode.ilk
c:\users\v-fxie\dropbox\code\leetcode\debug\leetcode.exe
c:\users\v-fxie\dropbox\code\leetcode\debug\leetcode.pdb
c:\users\v-fxie\dropbox\code\leetcode\leetcode\debug\leetcode.tlog\cl.command.1.tlog
c:\users\v-fxie\dropbox\code\leetcode\leetcode\debug\leetcode.tlog\cl.read.1.tlog
c:\users\v-fxie\dropbox\code\leetcode\leetcode\debug\leetcode.tlog\cl.write.1.tlog
c:\users\v-fxie\dropbox\code\leetcode\leetcode\debug\leetcode.tlog\link.command.1.tlog
c:\users\v-fxie\dropbox\code\leetcode\leetcode\debug\leetcode.tlog\link.read.1.tlog
c:\users\v-fxie\dropbox\code\leetcode\leetcode\debug\leetcode.tlog\link.write.1.tlog
